\BOOKMARK [1][-]{section.1}{\376\377\000G\000M\000I\0002\0006\000H\000\040\000C\000r\000y\000p\000t\000o\000g\000r\000a\000p\000h\000y\000\040\000H\000o\000m\000e\000\040\000E\000x\000a\000m}{}% 1
\BOOKMARK [2][-]{subsection.1.1}{\376\377\000T\000h\000i\000s\000\040\000i\000s\000\040\000t\000h\000e\000\040\000f\000i\000n\000a\000l\000\040\000v\000e\000r\000s\000i\000o\000n\000\040\000o\000f\000\040\000t\000h\000e\000\040\000h\000o\000m\000e\000\040\000e\000x\000a\000m\000.\000\040\000W\000e\000\040\000w\000i\000l\000l\000\040\000n\000o\000t\000\040\000b\000e\000\040\000a\000d\000d\000i\000n\000g\000\040\000a\000n\000y\000\040\000m\000o\000r\000e\000\040\000q\000u\000e\000s\000t\000i\000o\000n\000s\000.}{section.1}% 2
\BOOKMARK [3][-]{subsubsection.1.1.1}{\376\377\000Q\000u\000e\000s\000t\000i\000o\000n\000s\000\040\0001\0003\000\040\000t\000o\000\040\0002\0004\000\040\000a\000r\000e\000\040\000`\000`\000s\000h\000o\000r\000t\000\040\000q\000u\000e\000s\000t\000i\000o\000n\000s\000'\000'\000\040\000t\000h\000a\000t\000\040\000m\000u\000s\000t\000\040\000b\000e\000\040\000a\000n\000s\000w\000e\000r\000e\000d\000\040\000w\000i\000t\000h\000\040\000j\000u\000s\000t\000\040\000a\000\040\000c\000o\000u\000p\000l\000e\000\040\000o\000f\000\040\000s\000e\000n\000t\000e\000n\000c\000e\000s\000\040\000w\000i\000t\000h\000\040\000o\000r\000\040\000w\000i\000t\000h\000o\000u\000t\000\040\000a\000\040\000s\000i\000n\000g\000l\000e\000\040\000o\000p\000t\000i\000o\000n\000a\000l\000\040\000f\000i\000g\000u\000r\000e\000.\000\040\000R\000e\000f\000e\000r\000e\000n\000c\000e\000s\000\040\000a\000r\000e\000\040\000n\000o\000t\000\040\000r\000e\000q\000u\000i\000r\000e\000d\000\040\000f\000o\000r\000\040\000t\000h\000e\000s\000e\000\040\000a\000n\000s\000w\000e\000r\000s\000.\000\040\000B\000e\000\040\000c\000o\000n\000c\000i\000s\000e\000\040\000a\000n\000d\000\040\000o\000n\000\040\000p\000o\000i\000n\000t\000.}{subsection.1.1}% 3
\BOOKMARK [3][-]{subsubsection.1.1.2}{\376\377\000Y\000o\000u\000\040\000m\000a\000y\000\040\000w\000r\000i\000t\000e\000\040\000y\000o\000u\000r\000\040\000a\000n\000s\000w\000e\000r\000s\000\040\000i\000n\000\040\000E\000n\000g\000l\000i\000s\000h\000\040\000o\000r\000\040\000S\000w\000e\000d\000i\000s\000h}{subsection.1.1}% 4
\BOOKMARK [3][-]{subsubsection.1.1.3}{\376\377\000U\000s\000e\000\040\000`\000`\000F\000i\000l\000e\000\040\000-\000>\000\040\000D\000o\000w\000n\000l\000o\000a\000d\000\040\000a\000s\000'\000'\000\040\000o\000r\000\040\000`\000`\000P\000r\000i\000n\000t\000\040\000t\000o\000\040\000P\000D\000F\000'\000'\000\040\000i\000n\000\040\000b\000r\000o\000w\000s\000e\000r\000\040\000t\000o\000\040\000d\000o\000w\000n\000l\000o\000a\000d\000\040\000t\000h\000i\000s\000\040\000f\000i\000l\000e\000\040\000\050\000w\000i\000t\000h\000\040\000y\000o\000u\000r\000\040\000a\000n\000s\000w\000e\000r\000s\000\051\000\040\000a\000s\000\040\000.\000p\000d\000f\000\040\000a\000n\000d\000\040\000y\000o\000u\000\040\000w\000i\000l\000l\000\040\000s\000e\000e\000\040\000t\000h\000e\000\040\000l\000e\000n\000g\000t\000h\000\040\000o\000f\000\040\000e\000a\000c\000h\000\040\000a\000n\000s\000w\000e\000r\000\040\000i\000n\000\040\000.\000p\000d\000f\000\040\000f\000o\000r\000m\000a\000t}{subsection.1.1}% 5
\BOOKMARK [3][-]{subsubsection.1.1.4}{\376\377\000D\000e\000a\000d\000l\000i\000n\000e\000\040\000f\000o\000r\000\040\000t\000h\000e\000\040\000e\000n\000t\000i\000r\000e\000\040\000h\000o\000m\000e\000\040\000e\000x\000a\000m\000:\000\040\000T\000h\000u\000r\000s\000d\000a\000y\000\040\000O\000c\000t\000o\000b\000e\000r\000\040\0002\0007\000t\000h\000\040\000a\000t\000\040\0001\0001\000:\0005\0009\000\040\000P\000M}{subsection.1.1}% 6
\BOOKMARK [3][-]{subsubsection.1.1.5}{\376\377\000Q\000u\000e\000s\000t\000i\000o\000n\000s\000\040\000u\000p\000\040\000t\000o\000\040\000q\000u\000e\000s\000t\000i\000o\000n\000\040\0002\0004\000/\0002\0004\000.}{subsection.1.1}% 7
\BOOKMARK [2][-]{subsection.1.2}{\376\377\000Q\000u\000e\000s\000t\000i\000o\000n\000\040\0001\000*\000:}{section.1}% 8
\BOOKMARK [2][-]{subsection.1.3}{\376\377\000Q\000u\000e\000s\000t\000i\000o\000n\000\040\0002\000:}{section.1}% 9
\BOOKMARK [2][-]{subsection.1.4}{\376\377\000N\000e\000x\000t\000\040\000G\000e\000n\000e\000r\000a\000t\000i\000o\000n\000\040\000E\000n\000c\000r\000y\000p\000t\000i\000o\000n}{section.1}% 10
\BOOKMARK [2][-]{subsection.1.5}{\376\377\000Q\000u\000e\000s\000t\000i\000o\000n\000\040\0003\000:}{section.1}% 11
\BOOKMARK [2][-]{subsection.1.6}{\376\377\000C\000r\000y\000p\000t\000o\000g\000r\000a\000p\000h\000i\000c\000\040\000s\000e\000c\000u\000r\000i\000t\000y\000\040\000s\000e\000r\000v\000i\000c\000e\000s}{section.1}% 12
\BOOKMARK [2][-]{subsection.1.7}{\376\377\000Q\000u\000e\000s\000t\000i\000o\000n\000\040\0004\000:}{section.1}% 13
\BOOKMARK [2][-]{subsection.1.8}{\376\377\000D\000a\000t\000a\000\040\000E\000n\000c\000r\000y\000p\000t\000i\000o\000n\000\040\000S\000t\000a\000n\000d\000a\000r\000d}{section.1}% 14
\BOOKMARK [2][-]{subsection.1.9}{\376\377\000Q\000u\000e\000s\000t\000i\000o\000n\000\040\0005\000:}{section.1}% 15
\BOOKMARK [2][-]{subsection.1.10}{\376\377\000Q\000u\000e\000s\000t\000i\000o\000n\000\040\0006\000:}{section.1}% 16
\BOOKMARK [2][-]{subsection.1.11}{\376\377\000Q\000u\000e\000s\000t\000i\000o\000n\000\040\0007\000:}{section.1}% 17
\BOOKMARK [2][-]{subsection.1.12}{\376\377\000Q\000u\000e\000s\000t\000i\000o\000n\000\040\0008\000:}{section.1}% 18
\BOOKMARK [2][-]{subsection.1.13}{\376\377\000Q\000u\000e\000s\000t\000i\000o\000n\000\040\0009\000:}{section.1}% 19
\BOOKMARK [2][-]{subsection.1.14}{\376\377\000Q\000u\000e\000s\000t\000i\000o\000n\000\040\0001\0000\000:}{section.1}% 20
\BOOKMARK [2][-]{subsection.1.15}{\376\377\000Q\000u\000e\000s\000t\000i\000o\000n\000\040\0001\0001\000:}{section.1}% 21
\BOOKMARK [2][-]{subsection.1.16}{\376\377\000Q\000u\000e\000s\000t\000i\000o\000n\000\040\0001\0002\000:}{section.1}% 22
\BOOKMARK [2][-]{subsection.1.17}{\376\377\000A\000l\000a\000n\000\040\000T\000u\000r\000i\000n\000g\000'\000s\000\040\000c\000o\000n\000t\000r\000i\000b\000u\000t\000i\000o\000n\000s\000\040\000t\000o\000\040\000c\000r\000y\000p\000t\000o\000g\000r\000a\000p\000h\000y\000\040\000a\000n\000d\000\040\000c\000r\000y\000p\000t\000a\000n\000a\000l\000y\000s\000i\000s}{section.1}% 23
\BOOKMARK [2][-]{subsection.1.18}{\376\377\000Q\000u\000e\000s\000t\000i\000o\000n\000s\000\040\0001\0003\000\040\000t\000o\000\040\0002\0004\000\040\000a\000r\000e\000\040\000`\000`\000s\000h\000o\000r\000t\000\040\000q\000u\000e\000s\000t\000i\000o\000n\000s\000'\000'\000\040\000t\000h\000a\000t\000\040\000m\000u\000s\000t\000\040\000b\000e\000\040\000a\000n\000s\000w\000e\000r\000e\000d\000\040\000w\000i\000t\000h\000\040\000j\000u\000s\000t\000\040\000a\000\040\000c\000o\000u\000p\000l\000e\000\040\000o\000f\000\040\000s\000e\000n\000t\000e\000n\000c\000e\000s\000\040\000w\000i\000t\000h\000\040\000o\000r\000\040\000w\000i\000t\000h\000o\000u\000t\000\040\000a\000\040\000s\000i\000n\000g\000l\000e\000\040\000o\000p\000t\000i\000o\000n\000a\000l\000\040\000f\000i\000g\000u\000r\000e\000.\000\040\000R\000e\000f\000e\000r\000e\000n\000c\000e\000s\000\040\000a\000r\000e\000\040\000n\000o\000t\000\040\000r\000e\000q\000u\000i\000r\000e\000d\000\040\000f\000o\000r\000\040\000t\000h\000e\000s\000e\000\040\000a\000n\000s\000w\000e\000r\000s\000.\000\040\000B\000e\000\040\000c\000o\000n\000c\000i\000s\000e\000\040\000a\000n\000d\000\040\000o\000n\000\040\000p\000o\000i\000n\000t\000.}{section.1}% 24
\BOOKMARK [2][-]{subsection.1.19}{\376\377\000Q\000u\000e\000s\000t\000i\000o\000n\000\040\0001\0003\000:}{section.1}% 25
\BOOKMARK [2][-]{subsection.1.20}{\376\377\000Q\000u\000e\000s\000t\000i\000o\000n\000\040\0001\0004\000:}{section.1}% 26
\BOOKMARK [2][-]{subsection.1.21}{\376\377\000Q\000u\000e\000s\000t\000i\000o\000n\000\040\0001\0005\000:}{section.1}% 27
\BOOKMARK [2][-]{subsection.1.22}{\376\377\000Q\000u\000e\000s\000t\000i\000o\000n\000\040\0001\0006\000:}{section.1}% 28
\BOOKMARK [2][-]{subsection.1.23}{\376\377\000Q\000u\000e\000s\000t\000i\000o\000n\000\040\0001\0007\000:}{section.1}% 29
\BOOKMARK [2][-]{subsection.1.24}{\376\377\000Q\000u\000e\000s\000t\000i\000o\000n\000\040\0001\0008\000:}{section.1}% 30
\BOOKMARK [2][-]{subsection.1.25}{\376\377\000Q\000u\000e\000s\000t\000i\000o\000n\000\040\0001\0009\000:}{section.1}% 31
\BOOKMARK [2][-]{subsection.1.26}{\376\377\000Q\000u\000e\000s\000t\000i\000o\000n\000\040\0002\0000\000:}{section.1}% 32
\BOOKMARK [2][-]{subsection.1.27}{\376\377\000Q\000u\000e\000s\000t\000i\000o\000n\000\040\0002\0001\000:}{section.1}% 33
\BOOKMARK [2][-]{subsection.1.28}{\376\377\000Q\000u\000e\000s\000t\000i\000o\000n\000\040\0002\0002\000:}{section.1}% 34
\BOOKMARK [2][-]{subsection.1.29}{\376\377\000Q\000u\000e\000s\000t\000i\000o\000n\000\040\0002\0003\000:}{section.1}% 35
\BOOKMARK [2][-]{subsection.1.30}{\376\377\000Q\000u\000e\000s\000t\000i\000o\000n\000\040\0002\0004\000:}{section.1}% 36
